\BOOKMARK [0][-]{section*.1}{\376\377\000D\000e\000c\000l\000a\000r\000a\000t\000i\000o\000n\000\040\000o\000f\000\040\000A\000u\000t\000h\000o\000r\000s\000h\000i\000p}{}% 1
\BOOKMARK [0][-]{section*.2}{\376\377\000A\000b\000s\000t\000r\000a\000c\000t}{}% 2
\BOOKMARK [0][-]{section*.3}{\376\377\000A\000c\000k\000n\000o\000w\000l\000e\000d\000g\000e\000m\000e\000n\000t\000s}{}% 3
\BOOKMARK [0][-]{chapter.8}{\376\377\000V\000i\000s\000i\000o\000n\000\040\000a\000n\000d\000\040\000C\000o\000n\000v\000o\000l\000u\000t\000i\000o\000n\000a\000l\000\040\000N\000e\000u\000r\000a\000l\000\040\000N\000e\000t\000w\000o\000r\000k}{}% 4
\BOOKMARK [1][-]{section.9}{\376\377\000S\000t\000a\000t\000i\000s\000t\000i\000c\000a\000l\000\040\000L\000e\000a\000r\000n\000i\000n\000g\000\040\000B\000a\000s\000e\000d\000\040\000V\000i\000s\000i\000o\000n}{chapter.8}% 5
\BOOKMARK [2][-]{subsection.10}{\376\377\000S\000t\000u\000d\000y\000\040\000S\000c\000o\000p\000e\000s}{section.9}% 6
\BOOKMARK [2][-]{subsection.11}{\376\377\000D\000e\000e\000p\000\040\000N\000e\000u\000r\000a\000l\000\040\000N\000e\000t\000w\000o\000r\000k\000s}{section.9}% 7
\BOOKMARK [2][-]{subsection.12}{\376\377\000C\000o\000n\000v\000\040\000N\000e\000t\000\040\000B\000a\000s\000e\000d\000\040\000R\000e\000c\000o\000g\000n\000i\000t\000i\000o\000n\000\040\000a\000n\000d\000\040\000D\000e\000t\000e\000c\000t\000i\000o\000n}{section.9}% 8
\BOOKMARK [2][-]{subsection.16}{\376\377\000F\000u\000t\000u\000r\000e\000\040\000W\000o\000r\000k\000\040\000o\000n\000\040\000D\000e\000e\000p\000\040\000M\000o\000d\000e\000l\000\040\000B\000a\000s\000e\000d\000\040\000C\000V}{section.9}% 9
\BOOKMARK [2][-]{subsection.17}{\376\377\000L\000i\000g\000h\000t\000\040\000F\000r\000o\000m\000\040\000N\000e\000u\000r\000o\000s\000c\000i\000e\000n\000c\000e\000\040\000a\000n\000d\000\040\000C\000o\000g\000n\000i\000t\000i\000v\000e\000\040\000P\000s\000y\000c\000h\000o\000l\000o\000g\000y}{section.9}% 10
\BOOKMARK [1][-]{section.18}{\376\377\000\040\000C\000o\000n\000v\000o\000l\000u\000t\000i\000o\000n\000a\000l\000\040\000N\000e\000u\000r\000a\000l\000\040\000N\000e\000t\000w\000o\000r\000k}{chapter.8}% 11
\BOOKMARK [2][-]{subsection.19}{\376\377\000C\000o\000n\000v\000o\000l\000u\000t\000i\000o\000n\000a\000l\000\040\000a\000n\000d\000\040\000D\000e\000c\000o\000n\000v\000o\000l\000u\000t\000i\000o\000n\000a\000l\000\040\000L\000a\000y\000e\000r}{section.18}% 12
\BOOKMARK [2][-]{subsection.20}{\376\377\000P\000o\000o\000l\000i\000n\000g\000\040\000L\000a\000y\000e\000r}{section.18}% 13
\BOOKMARK [1][-]{section.21}{\376\377\000R\000e\000s\000i\000d\000u\000a\000l\000\040\000N\000e\000u\000r\000a\000l\000\040\000N\000e\000t\000w\000o\000r\000k}{chapter.8}% 14
\BOOKMARK [1][-]{section.22}{\376\377\000R\000a\000n\000g\000e\000\040\000L\000o\000s\000s\000\040\000f\000o\000r\000\040\000D\000e\000e\000p\000\040\000F\000a\000c\000e\000\040\000R\000e\000c\000o\000g\000n\000i\000t\000i\000o\000n}{chapter.8}% 15
\BOOKMARK [0][-]{chapter.23}{\376\377\000G\000e\000n\000e\000r\000a\000t\000i\000v\000e\000\040\000A\000d\000v\000e\000r\000s\000a\000r\000i\000a\000l\000\040\000N\000e\000t\000w\000o\000r\000k}{}% 16
\BOOKMARK [1][-]{section.24}{\376\377\000U\000n\000s\000u\000p\000e\000r\000v\000i\000s\000e\000d\000\040\000L\000e\000a\000r\000n\000i\000n\000g\000\040\000i\000n\000\040\000D\000e\000e\000p\000\040\000L\000e\000a\000r\000n\000i\000n\000g}{chapter.23}% 17
\BOOKMARK [1][-]{section.25}{\376\377\000G\000e\000n\000e\000r\000a\000t\000i\000v\000e\000\040\000A\000d\000v\000e\000r\000s\000a\000r\000i\000a\000l\000\040\000N\000e\000t\000w\000o\000r\000k}{chapter.23}% 18
\BOOKMARK [2][-]{subsection.26}{\376\377\000W\000a\000s\000s\000e\000r\000s\000t\000e\000i\000n\000\040\000G\000A\000N}{section.25}% 19
\BOOKMARK [2][-]{subsection.27}{\376\377\000C\000o\000n\000d\000i\000t\000i\000o\000n\000a\000l\000\040\000G\000A\000N}{section.25}% 20
\BOOKMARK [2][-]{subsection.28}{\376\377\000D\000e\000e\000p\000\040\000C\000o\000n\000v\000o\000l\000u\000t\000i\000o\000n\000a\000l\000\040\000G\000A\000N}{section.25}% 21
\BOOKMARK [1][-]{section.29}{\376\377\000D\000C\000-\000G\000A\000N\000\040\000f\000o\000r\000\040\000I\000m\000a\000g\000e\000\040\000G\000e\000n\000e\000r\000a\000t\000i\000o\000n\000\040\000a\000n\000d\000\040\000F\000a\000c\000e\000\040\000S\000u\000p\000e\000r\000\040\000R\000e\000s\000o\000l\000u\000t\000i\000o\000n}{chapter.23}% 22
\BOOKMARK [0][-]{chapter.30}{\376\377\000R\000a\000n\000g\000e\000\040\000L\000o\000s\000s\000\040\000B\000a\000s\000e\000d\000\040\000G\000e\000n\000e\000r\000a\000t\000i\000v\000e\000\040\000A\000d\000v\000e\000r\000s\000a\000r\000i\000a\000l\000\040\000N\000e\000t\000w\000o\000r\000k}{}% 23
\BOOKMARK [1][-]{section.31}{\376\377\000R\000a\000n\000g\000e\000\040\000L\000o\000s\000s\000\040\000a\000n\000d\000\040\000B\000o\000u\000n\000d\000\040\000E\000q\000u\000i\000l\000i\000b\000r\000i\000u\000m}{chapter.30}% 24
\BOOKMARK [1][-]{section.32}{\376\377\000R\000L\000-\000G\000A\000N\000\040\000f\000o\000r\000\040\000F\000a\000c\000e\000\040\000G\000e\000n\000e\000r\000a\000t\000i\000o\000n}{chapter.30}% 25
\BOOKMARK [0][-]{appendix*.33}{\376\377\000B\000i\000b\000l\000i\000o\000g\000r\000a\000p\000h\000y}{}% 26
